[0.064s] Invoking command in '/home/pengbo/cbg-executor/build/examples_rclcpp_minimal_timer': /usr/bin/cmake /home/pengbo/cbg-executor/ros2_examples/rclcpp/timers/minimal_timer -DCMAKE_INSTALL_PREFIX=/home/pengbo/cbg-executor/install/examples_rclcpp_minimal_timer
[0.712s] -- The C compiler identification is GNU 9.3.0
[0.714s] -- The CXX compiler identification is GNU 9.3.0
[0.714s] -- Check for working C compiler: /usr/bin/cc
[0.714s] -- Check for working C compiler: /usr/bin/cc -- works
[0.715s] -- Detecting C compiler ABI info
[0.715s] -- Detecting C compiler ABI info - done
[0.715s] -- Detecting C compile features
[0.715s] -- Detecting C compile features - done
[0.715s] -- Check for working CXX compiler: /usr/bin/c++
[0.715s] -- Check for working CXX compiler: /usr/bin/c++ -- works
[0.715s] -- Detecting CXX compiler ABI info
[0.715s] -- Detecting CXX compiler ABI info - done
[0.715s] -- Detecting CXX compile features
[0.715s] -- Detecting CXX compile features - done
[0.715s] -- Configuring incomplete, errors occurred!
[0.715s] See also "/home/pengbo/cbg-executor/build/examples_rclcpp_minimal_timer/CMakeFiles/CMakeOutput.log".
[0.715s] CMake Error at CMakeLists.txt:13 (find_package):
[0.716s]   By not providing "Findament_cmake.cmake" in CMAKE_MODULE_PATH this project
[0.716s]   has asked CMake to find a package configuration file provided by
[0.716s]   "ament_cmake", but CMake did not find one.
[0.716s] 
[0.716s]   Could not find a package configuration file provided by "ament_cmake" with
[0.716s]   any of the following names:
[0.716s] 
[0.716s]     ament_cmakeConfig.cmake
[0.716s]     ament_cmake-config.cmake
[0.716s] 
[0.716s]   Add the installation prefix of "ament_cmake" to CMAKE_PREFIX_PATH or set
[0.716s]   "ament_cmake_DIR" to a directory containing one of the above files.  If
[0.716s]   "ament_cmake" provides a separate development package or SDK, be sure it
[0.716s]   has been installed.
[0.716s] 
[0.717s] 
[0.723s] Invoked command in '/home/pengbo/cbg-executor/build/examples_rclcpp_minimal_timer' returned '1': /usr/bin/cmake /home/pengbo/cbg-executor/ros2_examples/rclcpp/timers/minimal_timer -DCMAKE_INSTALL_PREFIX=/home/pengbo/cbg-executor/install/examples_rclcpp_minimal_timer
