[0.060s] Invoking command in '/home/pengbo/cbg-executor/build/examples_rclcpp_minimal_action_server': /usr/bin/cmake /home/pengbo/cbg-executor/ros2_examples/rclcpp/actions/minimal_action_server -DCMAKE_INSTALL_PREFIX=/home/pengbo/cbg-executor/install/examples_rclcpp_minimal_action_server
[0.498s] -- The C compiler identification is GNU 9.3.0
[0.498s] -- The CXX compiler identification is GNU 9.3.0
[0.498s] -- Check for working C compiler: /usr/bin/cc
[0.499s] -- Check for working C compiler: /usr/bin/cc -- works
[0.499s] -- Detecting C compiler ABI info
[0.505s] -- Detecting C compiler ABI info - done
[0.518s] -- Detecting C compile features
[0.519s] -- Detecting C compile features - done
[0.521s] -- Check for working CXX compiler: /usr/bin/c++
[0.627s] -- Check for working CXX compiler: /usr/bin/c++ -- works
[0.628s] -- Detecting CXX compiler ABI info
[0.735s] -- Detecting CXX compiler ABI info - done
[0.749s] -- Detecting CXX compile features
[0.749s] -- Detecting CXX compile features - done
[0.759s] CMake Error at CMakeLists.txt:13 (find_package):
[0.759s]   By not providing "Findament_cmake.cmake" in CMAKE_MODULE_PATH this project
[0.759s]   has asked CMake to find a package configuration file provided by
[0.759s]   "ament_cmake", but CMake did not find one.
[0.759s] 
[0.759s]   Could not find a package configuration file provided by "ament_cmake" with
[0.759s]   any of the following names:
[0.759s] 
[0.759s]     ament_cmakeConfig.cmake
[0.760s]     ament_cmake-config.cmake
[0.760s] 
[0.760s]   Add the installation prefix of "ament_cmake" to CMAKE_PREFIX_PATH or set
[0.760s]   "ament_cmake_DIR" to a directory containing one of the above files.  If
[0.760s]   "ament_cmake" provides a separate development package or SDK, be sure it
[0.760s]   has been installed.
[0.760s] 
[0.760s] 
[0.760s] -- Configuring incomplete, errors occurred!
[0.760s] See also "/home/pengbo/cbg-executor/build/examples_rclcpp_minimal_action_server/CMakeFiles/CMakeOutput.log".
[0.785s] Invoked command in '/home/pengbo/cbg-executor/build/examples_rclcpp_minimal_action_server' returned '1': /usr/bin/cmake /home/pengbo/cbg-executor/ros2_examples/rclcpp/actions/minimal_action_server -DCMAKE_INSTALL_PREFIX=/home/pengbo/cbg-executor/install/examples_rclcpp_minimal_action_server
