[0.063s] Invoking command in '/home/pengbo/cbg-executor/build/examples_rclcpp_multithreaded_executor': /usr/bin/cmake /home/pengbo/cbg-executor/ros2_examples/rclcpp/executors/multithreaded_executor -DCMAKE_INSTALL_PREFIX=/home/pengbo/cbg-executor/install/examples_rclcpp_multithreaded_executor
[0.713s] -- The C compiler identification is GNU 9.3.0
[0.713s] -- The CXX compiler identification is GNU 9.3.0
[0.713s] -- Check for working C compiler: /usr/bin/cc
[0.713s] -- Check for working C compiler: /usr/bin/cc -- works
[0.713s] -- Detecting C compiler ABI info
[0.713s] -- Detecting C compiler ABI info - done
[0.713s] -- Detecting C compile features
[0.713s] -- Detecting C compile features - done
[0.714s] -- Check for working CXX compiler: /usr/bin/c++
[0.714s] -- Check for working CXX compiler: /usr/bin/c++ -- works
[0.714s] -- Detecting CXX compiler ABI info
[0.760s] -- Detecting CXX compiler ABI info - done
[0.770s] -- Detecting CXX compile features
[0.770s] -- Detecting CXX compile features - done
[0.774s] CMake Error at CMakeLists.txt:13 (find_package):
[0.774s]   By not providing "Findament_cmake.cmake" in CMAKE_MODULE_PATH this project
[0.775s]   has asked CMake to find a package configuration file provided by
[0.775s]   "ament_cmake", but CMake did not find one.
[0.775s] 
[0.775s]   Could not find a package configuration file provided by "ament_cmake" with
[0.775s]   any of the following names:
[0.775s] 
[0.775s]     ament_cmakeConfig.cmake
[0.775s]     ament_cmake-config.cmake
[0.775s] 
[0.775s]   Add the installation prefix of "ament_cmake" to CMAKE_PREFIX_PATH or set
[0.775s]   "ament_cmake_DIR" to a directory containing one of the above files.  If
[0.775s]   "ament_cmake" provides a separate development package or SDK, be sure it
[0.775s]   has been installed.
[0.775s] 
[0.775s] 
[0.775s] -- Configuring incomplete, errors occurred!
[0.775s] See also "/home/pengbo/cbg-executor/build/examples_rclcpp_multithreaded_executor/CMakeFiles/CMakeOutput.log".
