[0.061s] Invoking command in '/home/pengbo/cbg-executor/build/cbg-executor_ping-pong_cpp': /usr/bin/cmake /home/pengbo/cbg-executor/ros2_examples/rclcpp/cbg-executor_ping-pong -DCMAKE_INSTALL_PREFIX=/home/pengbo/cbg-executor/install/cbg-executor_ping-pong_cpp
[0.499s] -- The C compiler identification is GNU 9.3.0
[0.499s] -- The CXX compiler identification is GNU 9.3.0
[0.499s] -- Check for working C compiler: /usr/bin/cc
[0.499s] -- Check for working C compiler: /usr/bin/cc -- works
[0.499s] -- Detecting C compiler ABI info
[0.538s] -- Detecting C compiler ABI info - done
[0.554s] -- Detecting C compile features
[0.554s] -- Detecting C compile features - done
[0.557s] -- Check for working CXX compiler: /usr/bin/c++
[0.660s] -- Check for working CXX compiler: /usr/bin/c++ -- works
[0.661s] -- Detecting CXX compiler ABI info
[0.771s] -- Detecting CXX compiler ABI info - done
[0.798s] -- Detecting CXX compile features
[0.799s] -- Detecting CXX compile features - done
[0.805s] CMake Error at CMakeLists.txt:13 (find_package):
[0.805s]   By not providing "Findament_cmake.cmake" in CMAKE_MODULE_PATH this project
[0.805s]   has asked CMake to find a package configuration file provided by
[0.805s]   "ament_cmake", but CMake did not find one.
[0.805s] 
[0.805s]   Could not find a package configuration file provided by "ament_cmake" with
[0.805s]   any of the following names:
[0.805s] 
[0.805s]     ament_cmakeConfig.cmake
[0.806s]     ament_cmake-config.cmake
[0.806s] 
[0.806s]   Add the installation prefix of "ament_cmake" to CMAKE_PREFIX_PATH or set
[0.806s]   "ament_cmake_DIR" to a directory containing one of the above files.  If
[0.806s]   "ament_cmake" provides a separate development package or SDK, be sure it
[0.806s]   has been installed.
[0.806s] 
[0.806s] 
[0.806s] -- Configuring incomplete, errors occurred!
[0.806s] See also "/home/pengbo/cbg-executor/build/cbg-executor_ping-pong_cpp/CMakeFiles/CMakeOutput.log".
