[0.059s] Invoking command in '/home/pengbo/cbg-executor/build/examples_rclcpp_minimal_action_client': /usr/bin/cmake /home/pengbo/cbg-executor/ros2_examples/rclcpp/actions/minimal_action_client -DCMAKE_INSTALL_PREFIX=/home/pengbo/cbg-executor/install/examples_rclcpp_minimal_action_client
[0.499s] -- The C compiler identification is GNU 9.3.0
[0.499s] -- The CXX compiler identification is GNU 9.3.0
[0.499s] -- Check for working C compiler: /usr/bin/cc
[0.500s] -- Check for working C compiler: /usr/bin/cc -- works
[0.500s] -- Detecting C compiler ABI info
[0.514s] -- Detecting C compiler ABI info - done
[0.533s] -- Detecting C compile features
[0.533s] -- Detecting C compile features - done
[0.536s] -- Check for working CXX compiler: /usr/bin/c++
[0.641s] -- Check for working CXX compiler: /usr/bin/c++ -- works
[0.641s] -- Detecting CXX compiler ABI info
[0.792s] -- Detecting CXX compiler ABI info - done
[0.800s] -- Detecting CXX compile features
[0.800s] -- Detecting CXX compile features - done
[0.803s] CMake Error at CMakeLists.txt:13 (find_package):
[0.803s]   By not providing "Findament_cmake.cmake" in CMAKE_MODULE_PATH this project
[0.803s]   has asked CMake to find a package configuration file provided by
[0.803s]   "ament_cmake", but CMake did not find one.
[0.803s] 
[0.803s]   Could not find a package configuration file provided by "ament_cmake" with
[0.803s]   any of the following names:
[0.804s] 
[0.804s]     ament_cmakeConfig.cmake
[0.804s]     ament_cmake-config.cmake
[0.804s] 
[0.804s]   Add the installation prefix of "ament_cmake" to CMAKE_PREFIX_PATH or set
[0.804s]   "ament_cmake_DIR" to a directory containing one of the above files.  If
[0.804s]   "ament_cmake" provides a separate development package or SDK, be sure it
[0.804s]   has been installed.
[0.804s] 
[0.804s] 
[0.804s] -- Configuring incomplete, errors occurred!
[0.804s] See also "/home/pengbo/cbg-executor/build/examples_rclcpp_minimal_action_client/CMakeFiles/CMakeOutput.log".
