[0.074s] DEBUG:colcon:Command line arguments: ['/usr/bin/colcon', 'list']
[0.074s] DEBUG:colcon:Parsed command line arguments: Namespace(base_paths=['.'], build_base='build', ignore_user_meta=False, log_base=None, log_level=None, main=<bound method ListVerb.main of <colcon_package_information.verb.list.ListVerb object at 0x7f28c9e16ac0>>, metas=['./colcon.meta'], names_only=False, packages_above=None, packages_above_and_dependencies=None, packages_above_depth=None, packages_end=None, packages_ignore=None, packages_ignore_regex=None, packages_select=None, packages_select_build_failed=False, packages_select_by_dep=None, packages_select_regex=None, packages_select_test_failures=False, packages_skip=None, packages_skip_build_finished=False, packages_skip_by_dep=None, packages_skip_regex=None, packages_skip_test_passed=False, packages_skip_up_to=None, packages_start=None, packages_up_to=None, packages_up_to_regex=None, paths=None, paths_only=False, topological_graph=False, topological_graph_density=False, topological_graph_dot=False, topological_graph_dot_cluster=False, topological_graph_dot_include_skipped=False, topological_graph_legend=False, topological_order=False, verb_extension=<colcon_package_information.verb.list.ListVerb object at 0x7f28c9e16ac0>, verb_name='list', verb_parser=<colcon_defaults.argument_parser.defaults.DefaultArgumentsDecorator object at 0x7f28c9caba00>)
[0.091s] Level 1:colcon.colcon_core.package_discovery:discover_packages(colcon_meta) check parameters
[0.091s] Level 1:colcon.colcon_core.package_discovery:discover_packages(recursive) check parameters
[0.091s] Level 1:colcon.colcon_core.package_discovery:discover_packages(ignore) check parameters
[0.091s] Level 1:colcon.colcon_core.package_discovery:discover_packages(path) check parameters
[0.091s] Level 1:colcon.colcon_core.package_discovery:discover_packages(colcon_meta) discover
[0.091s] Level 1:colcon.colcon_core.package_discovery:discover_packages(recursive) discover
[0.091s] INFO:colcon.colcon_core.package_discovery:Crawling recursively for packages in '/home/pengbo/cbg-executor'
[0.091s] Level 1:colcon.colcon_core.package_identification:_identify(.) by extensions ['ignore', 'ignore_ament_install']
[0.091s] Level 1:colcon.colcon_core.package_identification:_identify(.) by extension 'ignore'
[0.091s] Level 1:colcon.colcon_core.package_identification:_identify(.) by extension 'ignore_ament_install'
[0.091s] Level 1:colcon.colcon_core.package_identification:_identify(.) by extensions ['colcon_pkg']
[0.091s] Level 1:colcon.colcon_core.package_identification:_identify(.) by extension 'colcon_pkg'
[0.091s] Level 1:colcon.colcon_core.package_identification:_identify(.) by extensions ['colcon_meta']
[0.091s] Level 1:colcon.colcon_core.package_identification:_identify(.) by extension 'colcon_meta'
[0.091s] Level 1:colcon.colcon_core.package_identification:_identify(.) by extensions ['ros']
[0.091s] Level 1:colcon.colcon_core.package_identification:_identify(.) by extension 'ros'
[0.099s] Level 1:colcon.colcon_core.package_identification:_identify(.) by extensions ['cmake', 'python']
[0.099s] Level 1:colcon.colcon_core.package_identification:_identify(.) by extension 'cmake'
[0.099s] Level 1:colcon.colcon_core.package_identification:_identify(.) by extension 'python'
[0.099s] Level 1:colcon.colcon_core.package_identification:_identify(.) by extensions ['python_setup_py']
[0.099s] Level 1:colcon.colcon_core.package_identification:_identify(.) by extension 'python_setup_py'
[0.099s] Level 1:colcon.colcon_core.package_identification:_identify(log) by extensions ['ignore', 'ignore_ament_install']
[0.099s] Level 1:colcon.colcon_core.package_identification:_identify(log) by extension 'ignore'
[0.099s] Level 1:colcon.colcon_core.package_identification:_identify(log) ignored
[0.099s] Level 1:colcon.colcon_core.package_identification:_identify(ros2_examples) by extensions ['ignore', 'ignore_ament_install']
[0.099s] Level 1:colcon.colcon_core.package_identification:_identify(ros2_examples) by extension 'ignore'
[0.099s] Level 1:colcon.colcon_core.package_identification:_identify(ros2_examples) by extension 'ignore_ament_install'
[0.100s] Level 1:colcon.colcon_core.package_identification:_identify(ros2_examples) by extensions ['colcon_pkg']
[0.100s] Level 1:colcon.colcon_core.package_identification:_identify(ros2_examples) by extension 'colcon_pkg'
[0.100s] Level 1:colcon.colcon_core.package_identification:_identify(ros2_examples) by extensions ['colcon_meta']
[0.100s] Level 1:colcon.colcon_core.package_identification:_identify(ros2_examples) by extension 'colcon_meta'
[0.100s] Level 1:colcon.colcon_core.package_identification:_identify(ros2_examples) by extensions ['ros']
[0.100s] Level 1:colcon.colcon_core.package_identification:_identify(ros2_examples) by extension 'ros'
[0.100s] Level 1:colcon.colcon_core.package_identification:_identify(ros2_examples) by extensions ['cmake', 'python']
[0.100s] Level 1:colcon.colcon_core.package_identification:_identify(ros2_examples) by extension 'cmake'
[0.100s] Level 1:colcon.colcon_core.package_identification:_identify(ros2_examples) by extension 'python'
[0.100s] Level 1:colcon.colcon_core.package_identification:_identify(ros2_examples) by extensions ['python_setup_py']
[0.100s] Level 1:colcon.colcon_core.package_identification:_identify(ros2_examples) by extension 'python_setup_py'
[0.100s] Level 1:colcon.colcon_core.package_identification:_identify(ros2_examples/log) by extensions ['ignore', 'ignore_ament_install']
[0.100s] Level 1:colcon.colcon_core.package_identification:_identify(ros2_examples/log) by extension 'ignore'
[0.100s] Level 1:colcon.colcon_core.package_identification:_identify(ros2_examples/log) ignored
[0.100s] Level 1:colcon.colcon_core.package_identification:_identify(ros2_examples/rclcpp) by extensions ['ignore', 'ignore_ament_install']
[0.100s] Level 1:colcon.colcon_core.package_identification:_identify(ros2_examples/rclcpp) by extension 'ignore'
[0.100s] Level 1:colcon.colcon_core.package_identification:_identify(ros2_examples/rclcpp) by extension 'ignore_ament_install'
[0.100s] Level 1:colcon.colcon_core.package_identification:_identify(ros2_examples/rclcpp) by extensions ['colcon_pkg']
[0.100s] Level 1:colcon.colcon_core.package_identification:_identify(ros2_examples/rclcpp) by extension 'colcon_pkg'
[0.100s] Level 1:colcon.colcon_core.package_identification:_identify(ros2_examples/rclcpp) by extensions ['colcon_meta']
[0.100s] Level 1:colcon.colcon_core.package_identification:_identify(ros2_examples/rclcpp) by extension 'colcon_meta'
[0.100s] Level 1:colcon.colcon_core.package_identification:_identify(ros2_examples/rclcpp) by extensions ['ros']
[0.100s] Level 1:colcon.colcon_core.package_identification:_identify(ros2_examples/rclcpp) by extension 'ros'
[0.100s] Level 1:colcon.colcon_core.package_identification:_identify(ros2_examples/rclcpp) by extensions ['cmake', 'python']
[0.101s] Level 1:colcon.colcon_core.package_identification:_identify(ros2_examples/rclcpp) by extension 'cmake'
[0.101s] Level 1:colcon.colcon_core.package_identification:_identify(ros2_examples/rclcpp) by extension 'python'
[0.101s] Level 1:colcon.colcon_core.package_identification:_identify(ros2_examples/rclcpp) by extensions ['python_setup_py']
[0.101s] Level 1:colcon.colcon_core.package_identification:_identify(ros2_examples/rclcpp) by extension 'python_setup_py'
[0.101s] Level 1:colcon.colcon_core.package_identification:_identify(ros2_examples/rclcpp/actions) by extensions ['ignore', 'ignore_ament_install']
[0.101s] Level 1:colcon.colcon_core.package_identification:_identify(ros2_examples/rclcpp/actions) by extension 'ignore'
[0.101s] Level 1:colcon.colcon_core.package_identification:_identify(ros2_examples/rclcpp/actions) by extension 'ignore_ament_install'
[0.101s] Level 1:colcon.colcon_core.package_identification:_identify(ros2_examples/rclcpp/actions) by extensions ['colcon_pkg']
[0.101s] Level 1:colcon.colcon_core.package_identification:_identify(ros2_examples/rclcpp/actions) by extension 'colcon_pkg'
[0.101s] Level 1:colcon.colcon_core.package_identification:_identify(ros2_examples/rclcpp/actions) by extensions ['colcon_meta']
[0.101s] Level 1:colcon.colcon_core.package_identification:_identify(ros2_examples/rclcpp/actions) by extension 'colcon_meta'
[0.101s] Level 1:colcon.colcon_core.package_identification:_identify(ros2_examples/rclcpp/actions) by extensions ['ros']
[0.101s] Level 1:colcon.colcon_core.package_identification:_identify(ros2_examples/rclcpp/actions) by extension 'ros'
[0.101s] Level 1:colcon.colcon_core.package_identification:_identify(ros2_examples/rclcpp/actions) by extensions ['cmake', 'python']
[0.101s] Level 1:colcon.colcon_core.package_identification:_identify(ros2_examples/rclcpp/actions) by extension 'cmake'
[0.101s] Level 1:colcon.colcon_core.package_identification:_identify(ros2_examples/rclcpp/actions) by extension 'python'
[0.101s] Level 1:colcon.colcon_core.package_identification:_identify(ros2_examples/rclcpp/actions) by extensions ['python_setup_py']
[0.101s] Level 1:colcon.colcon_core.package_identification:_identify(ros2_examples/rclcpp/actions) by extension 'python_setup_py'
[0.101s] Level 1:colcon.colcon_core.package_identification:_identify(ros2_examples/rclcpp/actions/minimal_action_client) by extensions ['ignore', 'ignore_ament_install']
[0.102s] Level 1:colcon.colcon_core.package_identification:_identify(ros2_examples/rclcpp/actions/minimal_action_client) by extension 'ignore'
[0.102s] Level 1:colcon.colcon_core.package_identification:_identify(ros2_examples/rclcpp/actions/minimal_action_client) by extension 'ignore_ament_install'
[0.102s] Level 1:colcon.colcon_core.package_identification:_identify(ros2_examples/rclcpp/actions/minimal_action_client) by extensions ['colcon_pkg']
[0.102s] Level 1:colcon.colcon_core.package_identification:_identify(ros2_examples/rclcpp/actions/minimal_action_client) by extension 'colcon_pkg'
[0.102s] Level 1:colcon.colcon_core.package_identification:_identify(ros2_examples/rclcpp/actions/minimal_action_client) by extensions ['colcon_meta']
[0.102s] Level 1:colcon.colcon_core.package_identification:_identify(ros2_examples/rclcpp/actions/minimal_action_client) by extension 'colcon_meta'
[0.102s] Level 1:colcon.colcon_core.package_identification:_identify(ros2_examples/rclcpp/actions/minimal_action_client) by extensions ['ros']
[0.102s] Level 1:colcon.colcon_core.package_identification:_identify(ros2_examples/rclcpp/actions/minimal_action_client) by extension 'ros'
[0.103s] DEBUG:colcon.colcon_core.package_identification:Package 'ros2_examples/rclcpp/actions/minimal_action_client' with type 'ros.ament_cmake' and name 'examples_rclcpp_minimal_action_client'
[0.104s] Level 1:colcon.colcon_core.package_identification:_identify(ros2_examples/rclcpp/actions/minimal_action_server) by extensions ['ignore', 'ignore_ament_install']
[0.104s] Level 1:colcon.colcon_core.package_identification:_identify(ros2_examples/rclcpp/actions/minimal_action_server) by extension 'ignore'
[0.104s] Level 1:colcon.colcon_core.package_identification:_identify(ros2_examples/rclcpp/actions/minimal_action_server) by extension 'ignore_ament_install'
[0.104s] Level 1:colcon.colcon_core.package_identification:_identify(ros2_examples/rclcpp/actions/minimal_action_server) by extensions ['colcon_pkg']
[0.104s] Level 1:colcon.colcon_core.package_identification:_identify(ros2_examples/rclcpp/actions/minimal_action_server) by extension 'colcon_pkg'
[0.104s] Level 1:colcon.colcon_core.package_identification:_identify(ros2_examples/rclcpp/actions/minimal_action_server) by extensions ['colcon_meta']
[0.104s] Level 1:colcon.colcon_core.package_identification:_identify(ros2_examples/rclcpp/actions/minimal_action_server) by extension 'colcon_meta'
[0.104s] Level 1:colcon.colcon_core.package_identification:_identify(ros2_examples/rclcpp/actions/minimal_action_server) by extensions ['ros']
[0.104s] Level 1:colcon.colcon_core.package_identification:_identify(ros2_examples/rclcpp/actions/minimal_action_server) by extension 'ros'
[0.104s] DEBUG:colcon.colcon_core.package_identification:Package 'ros2_examples/rclcpp/actions/minimal_action_server' with type 'ros.ament_cmake' and name 'examples_rclcpp_minimal_action_server'
[0.104s] Level 1:colcon.colcon_core.package_identification:_identify(ros2_examples/rclcpp/cbg-executor_ping-pong) by extensions ['ignore', 'ignore_ament_install']
[0.104s] Level 1:colcon.colcon_core.package_identification:_identify(ros2_examples/rclcpp/cbg-executor_ping-pong) by extension 'ignore'
[0.104s] Level 1:colcon.colcon_core.package_identification:_identify(ros2_examples/rclcpp/cbg-executor_ping-pong) by extension 'ignore_ament_install'
[0.104s] Level 1:colcon.colcon_core.package_identification:_identify(ros2_examples/rclcpp/cbg-executor_ping-pong) by extensions ['colcon_pkg']
[0.105s] Level 1:colcon.colcon_core.package_identification:_identify(ros2_examples/rclcpp/cbg-executor_ping-pong) by extension 'colcon_pkg'
[0.105s] Level 1:colcon.colcon_core.package_identification:_identify(ros2_examples/rclcpp/cbg-executor_ping-pong) by extensions ['colcon_meta']
[0.105s] Level 1:colcon.colcon_core.package_identification:_identify(ros2_examples/rclcpp/cbg-executor_ping-pong) by extension 'colcon_meta'
[0.105s] Level 1:colcon.colcon_core.package_identification:_identify(ros2_examples/rclcpp/cbg-executor_ping-pong) by extensions ['ros']
[0.105s] Level 1:colcon.colcon_core.package_identification:_identify(ros2_examples/rclcpp/cbg-executor_ping-pong) by extension 'ros'
[0.105s] DEBUG:colcon.colcon_core.package_identification:Package 'ros2_examples/rclcpp/cbg-executor_ping-pong' with type 'ros.ament_cmake' and name 'cbg-executor_ping-pong_cpp'
[0.105s] Level 1:colcon.colcon_core.package_identification:_identify(ros2_examples/rclcpp/composition) by extensions ['ignore', 'ignore_ament_install']
[0.105s] Level 1:colcon.colcon_core.package_identification:_identify(ros2_examples/rclcpp/composition) by extension 'ignore'
[0.105s] Level 1:colcon.colcon_core.package_identification:_identify(ros2_examples/rclcpp/composition) by extension 'ignore_ament_install'
[0.105s] Level 1:colcon.colcon_core.package_identification:_identify(ros2_examples/rclcpp/composition) by extensions ['colcon_pkg']
[0.105s] Level 1:colcon.colcon_core.package_identification:_identify(ros2_examples/rclcpp/composition) by extension 'colcon_pkg'
[0.105s] Level 1:colcon.colcon_core.package_identification:_identify(ros2_examples/rclcpp/composition) by extensions ['colcon_meta']
[0.105s] Level 1:colcon.colcon_core.package_identification:_identify(ros2_examples/rclcpp/composition) by extension 'colcon_meta'
[0.105s] Level 1:colcon.colcon_core.package_identification:_identify(ros2_examples/rclcpp/composition) by extensions ['ros']
[0.105s] Level 1:colcon.colcon_core.package_identification:_identify(ros2_examples/rclcpp/composition) by extension 'ros'
[0.105s] Level 1:colcon.colcon_core.package_identification:_identify(ros2_examples/rclcpp/composition) by extensions ['cmake', 'python']
[0.105s] Level 1:colcon.colcon_core.package_identification:_identify(ros2_examples/rclcpp/composition) by extension 'cmake'
[0.105s] Level 1:colcon.colcon_core.package_identification:_identify(ros2_examples/rclcpp/composition) by extension 'python'
[0.105s] Level 1:colcon.colcon_core.package_identification:_identify(ros2_examples/rclcpp/composition) by extensions ['python_setup_py']
[0.105s] Level 1:colcon.colcon_core.package_identification:_identify(ros2_examples/rclcpp/composition) by extension 'python_setup_py'
[0.106s] Level 1:colcon.colcon_core.package_identification:_identify(ros2_examples/rclcpp/composition/minimal_composition) by extensions ['ignore', 'ignore_ament_install']
[0.106s] Level 1:colcon.colcon_core.package_identification:_identify(ros2_examples/rclcpp/composition/minimal_composition) by extension 'ignore'
[0.106s] Level 1:colcon.colcon_core.package_identification:_identify(ros2_examples/rclcpp/composition/minimal_composition) by extension 'ignore_ament_install'
[0.106s] Level 1:colcon.colcon_core.package_identification:_identify(ros2_examples/rclcpp/composition/minimal_composition) by extensions ['colcon_pkg']
[0.106s] Level 1:colcon.colcon_core.package_identification:_identify(ros2_examples/rclcpp/composition/minimal_composition) by extension 'colcon_pkg'
[0.106s] Level 1:colcon.colcon_core.package_identification:_identify(ros2_examples/rclcpp/composition/minimal_composition) by extensions ['colcon_meta']
[0.106s] Level 1:colcon.colcon_core.package_identification:_identify(ros2_examples/rclcpp/composition/minimal_composition) by extension 'colcon_meta'
[0.106s] Level 1:colcon.colcon_core.package_identification:_identify(ros2_examples/rclcpp/composition/minimal_composition) by extensions ['ros']
[0.106s] Level 1:colcon.colcon_core.package_identification:_identify(ros2_examples/rclcpp/composition/minimal_composition) by extension 'ros'
[0.106s] DEBUG:colcon.colcon_core.package_identification:Package 'ros2_examples/rclcpp/composition/minimal_composition' with type 'ros.ament_cmake' and name 'examples_rclcpp_minimal_composition'
[0.106s] Level 1:colcon.colcon_core.package_identification:_identify(ros2_examples/rclcpp/executors) by extensions ['ignore', 'ignore_ament_install']
[0.106s] Level 1:colcon.colcon_core.package_identification:_identify(ros2_examples/rclcpp/executors) by extension 'ignore'
[0.106s] Level 1:colcon.colcon_core.package_identification:_identify(ros2_examples/rclcpp/executors) by extension 'ignore_ament_install'
[0.106s] Level 1:colcon.colcon_core.package_identification:_identify(ros2_examples/rclcpp/executors) by extensions ['colcon_pkg']
[0.106s] Level 1:colcon.colcon_core.package_identification:_identify(ros2_examples/rclcpp/executors) by extension 'colcon_pkg'
[0.106s] Level 1:colcon.colcon_core.package_identification:_identify(ros2_examples/rclcpp/executors) by extensions ['colcon_meta']
[0.106s] Level 1:colcon.colcon_core.package_identification:_identify(ros2_examples/rclcpp/executors) by extension 'colcon_meta'
[0.107s] Level 1:colcon.colcon_core.package_identification:_identify(ros2_examples/rclcpp/executors) by extensions ['ros']
[0.107s] Level 1:colcon.colcon_core.package_identification:_identify(ros2_examples/rclcpp/executors) by extension 'ros'
[0.107s] Level 1:colcon.colcon_core.package_identification:_identify(ros2_examples/rclcpp/executors) by extensions ['cmake', 'python']
[0.107s] Level 1:colcon.colcon_core.package_identification:_identify(ros2_examples/rclcpp/executors) by extension 'cmake'
[0.107s] Level 1:colcon.colcon_core.package_identification:_identify(ros2_examples/rclcpp/executors) by extension 'python'
[0.107s] Level 1:colcon.colcon_core.package_identification:_identify(ros2_examples/rclcpp/executors) by extensions ['python_setup_py']
[0.107s] Level 1:colcon.colcon_core.package_identification:_identify(ros2_examples/rclcpp/executors) by extension 'python_setup_py'
[0.107s] Level 1:colcon.colcon_core.package_identification:_identify(ros2_examples/rclcpp/executors/multithreaded_executor) by extensions ['ignore', 'ignore_ament_install']
[0.107s] Level 1:colcon.colcon_core.package_identification:_identify(ros2_examples/rclcpp/executors/multithreaded_executor) by extension 'ignore'
[0.107s] Level 1:colcon.colcon_core.package_identification:_identify(ros2_examples/rclcpp/executors/multithreaded_executor) by extension 'ignore_ament_install'
[0.107s] Level 1:colcon.colcon_core.package_identification:_identify(ros2_examples/rclcpp/executors/multithreaded_executor) by extensions ['colcon_pkg']
[0.107s] Level 1:colcon.colcon_core.package_identification:_identify(ros2_examples/rclcpp/executors/multithreaded_executor) by extension 'colcon_pkg'
[0.107s] Level 1:colcon.colcon_core.package_identification:_identify(ros2_examples/rclcpp/executors/multithreaded_executor) by extensions ['colcon_meta']
[0.107s] Level 1:colcon.colcon_core.package_identification:_identify(ros2_examples/rclcpp/executors/multithreaded_executor) by extension 'colcon_meta'
[0.107s] Level 1:colcon.colcon_core.package_identification:_identify(ros2_examples/rclcpp/executors/multithreaded_executor) by extensions ['ros']
[0.107s] Level 1:colcon.colcon_core.package_identification:_identify(ros2_examples/rclcpp/executors/multithreaded_executor) by extension 'ros'
[0.108s] DEBUG:colcon.colcon_core.package_identification:Package 'ros2_examples/rclcpp/executors/multithreaded_executor' with type 'ros.ament_cmake' and name 'examples_rclcpp_multithreaded_executor'
[0.108s] Level 1:colcon.colcon_core.package_identification:_identify(ros2_examples/rclcpp/services) by extensions ['ignore', 'ignore_ament_install']
[0.108s] Level 1:colcon.colcon_core.package_identification:_identify(ros2_examples/rclcpp/services) by extension 'ignore'
[0.108s] Level 1:colcon.colcon_core.package_identification:_identify(ros2_examples/rclcpp/services) by extension 'ignore_ament_install'
[0.108s] Level 1:colcon.colcon_core.package_identification:_identify(ros2_examples/rclcpp/services) by extensions ['colcon_pkg']
[0.108s] Level 1:colcon.colcon_core.package_identification:_identify(ros2_examples/rclcpp/services) by extension 'colcon_pkg'
[0.108s] Level 1:colcon.colcon_core.package_identification:_identify(ros2_examples/rclcpp/services) by extensions ['colcon_meta']
[0.108s] Level 1:colcon.colcon_core.package_identification:_identify(ros2_examples/rclcpp/services) by extension 'colcon_meta'
[0.108s] Level 1:colcon.colcon_core.package_identification:_identify(ros2_examples/rclcpp/services) by extensions ['ros']
[0.108s] Level 1:colcon.colcon_core.package_identification:_identify(ros2_examples/rclcpp/services) by extension 'ros'
[0.108s] Level 1:colcon.colcon_core.package_identification:_identify(ros2_examples/rclcpp/services) by extensions ['cmake', 'python']
[0.108s] Level 1:colcon.colcon_core.package_identification:_identify(ros2_examples/rclcpp/services) by extension 'cmake'
[0.108s] Level 1:colcon.colcon_core.package_identification:_identify(ros2_examples/rclcpp/services) by extension 'python'
[0.108s] Level 1:colcon.colcon_core.package_identification:_identify(ros2_examples/rclcpp/services) by extensions ['python_setup_py']
[0.108s] Level 1:colcon.colcon_core.package_identification:_identify(ros2_examples/rclcpp/services) by extension 'python_setup_py'
[0.108s] Level 1:colcon.colcon_core.package_identification:_identify(ros2_examples/rclcpp/services/minimal_client) by extensions ['ignore', 'ignore_ament_install']
[0.108s] Level 1:colcon.colcon_core.package_identification:_identify(ros2_examples/rclcpp/services/minimal_client) by extension 'ignore'
[0.108s] Level 1:colcon.colcon_core.package_identification:_identify(ros2_examples/rclcpp/services/minimal_client) by extension 'ignore_ament_install'
[0.109s] Level 1:colcon.colcon_core.package_identification:_identify(ros2_examples/rclcpp/services/minimal_client) by extensions ['colcon_pkg']
[0.109s] Level 1:colcon.colcon_core.package_identification:_identify(ros2_examples/rclcpp/services/minimal_client) by extension 'colcon_pkg'
[0.109s] Level 1:colcon.colcon_core.package_identification:_identify(ros2_examples/rclcpp/services/minimal_client) by extensions ['colcon_meta']
[0.109s] Level 1:colcon.colcon_core.package_identification:_identify(ros2_examples/rclcpp/services/minimal_client) by extension 'colcon_meta'
[0.109s] Level 1:colcon.colcon_core.package_identification:_identify(ros2_examples/rclcpp/services/minimal_client) by extensions ['ros']
[0.109s] Level 1:colcon.colcon_core.package_identification:_identify(ros2_examples/rclcpp/services/minimal_client) by extension 'ros'
[0.109s] DEBUG:colcon.colcon_core.package_identification:Package 'ros2_examples/rclcpp/services/minimal_client' with type 'ros.ament_cmake' and name 'examples_rclcpp_minimal_client'
[0.109s] Level 1:colcon.colcon_core.package_identification:_identify(ros2_examples/rclcpp/services/minimal_service) by extensions ['ignore', 'ignore_ament_install']
[0.109s] Level 1:colcon.colcon_core.package_identification:_identify(ros2_examples/rclcpp/services/minimal_service) by extension 'ignore'
[0.109s] Level 1:colcon.colcon_core.package_identification:_identify(ros2_examples/rclcpp/services/minimal_service) by extension 'ignore_ament_install'
[0.109s] Level 1:colcon.colcon_core.package_identification:_identify(ros2_examples/rclcpp/services/minimal_service) by extensions ['colcon_pkg']
[0.109s] Level 1:colcon.colcon_core.package_identification:_identify(ros2_examples/rclcpp/services/minimal_service) by extension 'colcon_pkg'
[0.109s] Level 1:colcon.colcon_core.package_identification:_identify(ros2_examples/rclcpp/services/minimal_service) by extensions ['colcon_meta']
[0.109s] Level 1:colcon.colcon_core.package_identification:_identify(ros2_examples/rclcpp/services/minimal_service) by extension 'colcon_meta'
[0.109s] Level 1:colcon.colcon_core.package_identification:_identify(ros2_examples/rclcpp/services/minimal_service) by extensions ['ros']
[0.109s] Level 1:colcon.colcon_core.package_identification:_identify(ros2_examples/rclcpp/services/minimal_service) by extension 'ros'
[0.110s] DEBUG:colcon.colcon_core.package_identification:Package 'ros2_examples/rclcpp/services/minimal_service' with type 'ros.ament_cmake' and name 'examples_rclcpp_minimal_service'
[0.110s] Level 1:colcon.colcon_core.package_identification:_identify(ros2_examples/rclcpp/timers) by extensions ['ignore', 'ignore_ament_install']
[0.110s] Level 1:colcon.colcon_core.package_identification:_identify(ros2_examples/rclcpp/timers) by extension 'ignore'
[0.110s] Level 1:colcon.colcon_core.package_identification:_identify(ros2_examples/rclcpp/timers) by extension 'ignore_ament_install'
[0.110s] Level 1:colcon.colcon_core.package_identification:_identify(ros2_examples/rclcpp/timers) by extensions ['colcon_pkg']
[0.110s] Level 1:colcon.colcon_core.package_identification:_identify(ros2_examples/rclcpp/timers) by extension 'colcon_pkg'
[0.110s] Level 1:colcon.colcon_core.package_identification:_identify(ros2_examples/rclcpp/timers) by extensions ['colcon_meta']
[0.110s] Level 1:colcon.colcon_core.package_identification:_identify(ros2_examples/rclcpp/timers) by extension 'colcon_meta'
[0.110s] Level 1:colcon.colcon_core.package_identification:_identify(ros2_examples/rclcpp/timers) by extensions ['ros']
[0.110s] Level 1:colcon.colcon_core.package_identification:_identify(ros2_examples/rclcpp/timers) by extension 'ros'
[0.110s] Level 1:colcon.colcon_core.package_identification:_identify(ros2_examples/rclcpp/timers) by extensions ['cmake', 'python']
[0.110s] Level 1:colcon.colcon_core.package_identification:_identify(ros2_examples/rclcpp/timers) by extension 'cmake'
[0.110s] Level 1:colcon.colcon_core.package_identification:_identify(ros2_examples/rclcpp/timers) by extension 'python'
[0.110s] Level 1:colcon.colcon_core.package_identification:_identify(ros2_examples/rclcpp/timers) by extensions ['python_setup_py']
[0.110s] Level 1:colcon.colcon_core.package_identification:_identify(ros2_examples/rclcpp/timers) by extension 'python_setup_py'
[0.110s] Level 1:colcon.colcon_core.package_identification:_identify(ros2_examples/rclcpp/timers/minimal_timer) by extensions ['ignore', 'ignore_ament_install']
[0.110s] Level 1:colcon.colcon_core.package_identification:_identify(ros2_examples/rclcpp/timers/minimal_timer) by extension 'ignore'
[0.110s] Level 1:colcon.colcon_core.package_identification:_identify(ros2_examples/rclcpp/timers/minimal_timer) by extension 'ignore_ament_install'
[0.110s] Level 1:colcon.colcon_core.package_identification:_identify(ros2_examples/rclcpp/timers/minimal_timer) by extensions ['colcon_pkg']
[0.110s] Level 1:colcon.colcon_core.package_identification:_identify(ros2_examples/rclcpp/timers/minimal_timer) by extension 'colcon_pkg'
[0.110s] Level 1:colcon.colcon_core.package_identification:_identify(ros2_examples/rclcpp/timers/minimal_timer) by extensions ['colcon_meta']
[0.110s] Level 1:colcon.colcon_core.package_identification:_identify(ros2_examples/rclcpp/timers/minimal_timer) by extension 'colcon_meta'
[0.111s] Level 1:colcon.colcon_core.package_identification:_identify(ros2_examples/rclcpp/timers/minimal_timer) by extensions ['ros']
[0.111s] Level 1:colcon.colcon_core.package_identification:_identify(ros2_examples/rclcpp/timers/minimal_timer) by extension 'ros'
[0.111s] DEBUG:colcon.colcon_core.package_identification:Package 'ros2_examples/rclcpp/timers/minimal_timer' with type 'ros.ament_cmake' and name 'examples_rclcpp_minimal_timer'
[0.111s] Level 1:colcon.colcon_core.package_identification:_identify(ros2_examples/rclcpp/topics) by extensions ['ignore', 'ignore_ament_install']
[0.111s] Level 1:colcon.colcon_core.package_identification:_identify(ros2_examples/rclcpp/topics) by extension 'ignore'
[0.111s] Level 1:colcon.colcon_core.package_identification:_identify(ros2_examples/rclcpp/topics) by extension 'ignore_ament_install'
[0.111s] Level 1:colcon.colcon_core.package_identification:_identify(ros2_examples/rclcpp/topics) by extensions ['colcon_pkg']
[0.111s] Level 1:colcon.colcon_core.package_identification:_identify(ros2_examples/rclcpp/topics) by extension 'colcon_pkg'
[0.111s] Level 1:colcon.colcon_core.package_identification:_identify(ros2_examples/rclcpp/topics) by extensions ['colcon_meta']
[0.111s] Level 1:colcon.colcon_core.package_identification:_identify(ros2_examples/rclcpp/topics) by extension 'colcon_meta'
[0.111s] Level 1:colcon.colcon_core.package_identification:_identify(ros2_examples/rclcpp/topics) by extensions ['ros']
[0.111s] Level 1:colcon.colcon_core.package_identification:_identify(ros2_examples/rclcpp/topics) by extension 'ros'
[0.111s] Level 1:colcon.colcon_core.package_identification:_identify(ros2_examples/rclcpp/topics) by extensions ['cmake', 'python']
[0.111s] Level 1:colcon.colcon_core.package_identification:_identify(ros2_examples/rclcpp/topics) by extension 'cmake'
[0.111s] Level 1:colcon.colcon_core.package_identification:_identify(ros2_examples/rclcpp/topics) by extension 'python'
[0.111s] Level 1:colcon.colcon_core.package_identification:_identify(ros2_examples/rclcpp/topics) by extensions ['python_setup_py']
[0.111s] Level 1:colcon.colcon_core.package_identification:_identify(ros2_examples/rclcpp/topics) by extension 'python_setup_py'
[0.111s] Level 1:colcon.colcon_core.package_identification:_identify(ros2_examples/rclcpp/topics/minimal_publisher) by extensions ['ignore', 'ignore_ament_install']
[0.112s] Level 1:colcon.colcon_core.package_identification:_identify(ros2_examples/rclcpp/topics/minimal_publisher) by extension 'ignore'
[0.112s] Level 1:colcon.colcon_core.package_identification:_identify(ros2_examples/rclcpp/topics/minimal_publisher) by extension 'ignore_ament_install'
[0.112s] Level 1:colcon.colcon_core.package_identification:_identify(ros2_examples/rclcpp/topics/minimal_publisher) by extensions ['colcon_pkg']
[0.112s] Level 1:colcon.colcon_core.package_identification:_identify(ros2_examples/rclcpp/topics/minimal_publisher) by extension 'colcon_pkg'
[0.112s] Level 1:colcon.colcon_core.package_identification:_identify(ros2_examples/rclcpp/topics/minimal_publisher) by extensions ['colcon_meta']
[0.112s] Level 1:colcon.colcon_core.package_identification:_identify(ros2_examples/rclcpp/topics/minimal_publisher) by extension 'colcon_meta'
[0.112s] Level 1:colcon.colcon_core.package_identification:_identify(ros2_examples/rclcpp/topics/minimal_publisher) by extensions ['ros']
[0.112s] Level 1:colcon.colcon_core.package_identification:_identify(ros2_examples/rclcpp/topics/minimal_publisher) by extension 'ros'
[0.112s] DEBUG:colcon.colcon_core.package_identification:Package 'ros2_examples/rclcpp/topics/minimal_publisher' with type 'ros.ament_cmake' and name 'examples_rclcpp_minimal_publisher'
[0.112s] Level 1:colcon.colcon_core.package_identification:_identify(ros2_examples/rclcpp/topics/minimal_subscriber) by extensions ['ignore', 'ignore_ament_install']
[0.112s] Level 1:colcon.colcon_core.package_identification:_identify(ros2_examples/rclcpp/topics/minimal_subscriber) by extension 'ignore'
[0.112s] Level 1:colcon.colcon_core.package_identification:_identify(ros2_examples/rclcpp/topics/minimal_subscriber) by extension 'ignore_ament_install'
[0.112s] Level 1:colcon.colcon_core.package_identification:_identify(ros2_examples/rclcpp/topics/minimal_subscriber) by extensions ['colcon_pkg']
[0.112s] Level 1:colcon.colcon_core.package_identification:_identify(ros2_examples/rclcpp/topics/minimal_subscriber) by extension 'colcon_pkg'
[0.112s] Level 1:colcon.colcon_core.package_identification:_identify(ros2_examples/rclcpp/topics/minimal_subscriber) by extensions ['colcon_meta']
[0.112s] Level 1:colcon.colcon_core.package_identification:_identify(ros2_examples/rclcpp/topics/minimal_subscriber) by extension 'colcon_meta'
[0.112s] Level 1:colcon.colcon_core.package_identification:_identify(ros2_examples/rclcpp/topics/minimal_subscriber) by extensions ['ros']
[0.112s] Level 1:colcon.colcon_core.package_identification:_identify(ros2_examples/rclcpp/topics/minimal_subscriber) by extension 'ros'
[0.113s] DEBUG:colcon.colcon_core.package_identification:Package 'ros2_examples/rclcpp/topics/minimal_subscriber' with type 'ros.ament_cmake' and name 'examples_rclcpp_minimal_subscriber'
[0.113s] Level 1:colcon.colcon_core.package_identification:_identify(ros2_examples/rclpy) by extensions ['ignore', 'ignore_ament_install']
[0.113s] Level 1:colcon.colcon_core.package_identification:_identify(ros2_examples/rclpy) by extension 'ignore'
[0.113s] Level 1:colcon.colcon_core.package_identification:_identify(ros2_examples/rclpy) by extension 'ignore_ament_install'
[0.113s] Level 1:colcon.colcon_core.package_identification:_identify(ros2_examples/rclpy) by extensions ['colcon_pkg']
[0.113s] Level 1:colcon.colcon_core.package_identification:_identify(ros2_examples/rclpy) by extension 'colcon_pkg'
[0.113s] Level 1:colcon.colcon_core.package_identification:_identify(ros2_examples/rclpy) by extensions ['colcon_meta']
[0.113s] Level 1:colcon.colcon_core.package_identification:_identify(ros2_examples/rclpy) by extension 'colcon_meta'
[0.113s] Level 1:colcon.colcon_core.package_identification:_identify(ros2_examples/rclpy) by extensions ['ros']
[0.113s] Level 1:colcon.colcon_core.package_identification:_identify(ros2_examples/rclpy) by extension 'ros'
[0.113s] Level 1:colcon.colcon_core.package_identification:_identify(ros2_examples/rclpy) by extensions ['cmake', 'python']
[0.113s] Level 1:colcon.colcon_core.package_identification:_identify(ros2_examples/rclpy) by extension 'cmake'
[0.113s] Level 1:colcon.colcon_core.package_identification:_identify(ros2_examples/rclpy) by extension 'python'
[0.113s] Level 1:colcon.colcon_core.package_identification:_identify(ros2_examples/rclpy) by extensions ['python_setup_py']
[0.113s] Level 1:colcon.colcon_core.package_identification:_identify(ros2_examples/rclpy) by extension 'python_setup_py'
[0.113s] Level 1:colcon.colcon_core.package_identification:_identify(ros2_examples/rclpy/actions) by extensions ['ignore', 'ignore_ament_install']
[0.113s] Level 1:colcon.colcon_core.package_identification:_identify(ros2_examples/rclpy/actions) by extension 'ignore'
[0.113s] Level 1:colcon.colcon_core.package_identification:_identify(ros2_examples/rclpy/actions) by extension 'ignore_ament_install'
[0.113s] Level 1:colcon.colcon_core.package_identification:_identify(ros2_examples/rclpy/actions) by extensions ['colcon_pkg']
[0.114s] Level 1:colcon.colcon_core.package_identification:_identify(ros2_examples/rclpy/actions) by extension 'colcon_pkg'
[0.114s] Level 1:colcon.colcon_core.package_identification:_identify(ros2_examples/rclpy/actions) by extensions ['colcon_meta']
[0.114s] Level 1:colcon.colcon_core.package_identification:_identify(ros2_examples/rclpy/actions) by extension 'colcon_meta'
[0.114s] Level 1:colcon.colcon_core.package_identification:_identify(ros2_examples/rclpy/actions) by extensions ['ros']
[0.114s] Level 1:colcon.colcon_core.package_identification:_identify(ros2_examples/rclpy/actions) by extension 'ros'
[0.114s] Level 1:colcon.colcon_core.package_identification:_identify(ros2_examples/rclpy/actions) by extensions ['cmake', 'python']
[0.114s] Level 1:colcon.colcon_core.package_identification:_identify(ros2_examples/rclpy/actions) by extension 'cmake'
[0.114s] Level 1:colcon.colcon_core.package_identification:_identify(ros2_examples/rclpy/actions) by extension 'python'
[0.114s] Level 1:colcon.colcon_core.package_identification:_identify(ros2_examples/rclpy/actions) by extensions ['python_setup_py']
[0.114s] Level 1:colcon.colcon_core.package_identification:_identify(ros2_examples/rclpy/actions) by extension 'python_setup_py'
[0.114s] Level 1:colcon.colcon_core.package_identification:_identify(ros2_examples/rclpy/actions/minimal_action_client) by extensions ['ignore', 'ignore_ament_install']
[0.114s] Level 1:colcon.colcon_core.package_identification:_identify(ros2_examples/rclpy/actions/minimal_action_client) by extension 'ignore'
[0.114s] Level 1:colcon.colcon_core.package_identification:_identify(ros2_examples/rclpy/actions/minimal_action_client) by extension 'ignore_ament_install'
[0.114s] Level 1:colcon.colcon_core.package_identification:_identify(ros2_examples/rclpy/actions/minimal_action_client) by extensions ['colcon_pkg']
[0.114s] Level 1:colcon.colcon_core.package_identification:_identify(ros2_examples/rclpy/actions/minimal_action_client) by extension 'colcon_pkg'
[0.114s] Level 1:colcon.colcon_core.package_identification:_identify(ros2_examples/rclpy/actions/minimal_action_client) by extensions ['colcon_meta']
[0.114s] Level 1:colcon.colcon_core.package_identification:_identify(ros2_examples/rclpy/actions/minimal_action_client) by extension 'colcon_meta'
[0.114s] Level 1:colcon.colcon_core.package_identification:_identify(ros2_examples/rclpy/actions/minimal_action_client) by extensions ['ros']
[0.114s] Level 1:colcon.colcon_core.package_identification:_identify(ros2_examples/rclpy/actions/minimal_action_client) by extension 'ros'
[0.115s] DEBUG:colcon.colcon_core.package_identification:Package 'ros2_examples/rclpy/actions/minimal_action_client' with type 'ros.ament_python' and name 'examples_rclpy_minimal_action_client'
[0.115s] Level 1:colcon.colcon_core.package_identification:_identify(ros2_examples/rclpy/actions/minimal_action_server) by extensions ['ignore', 'ignore_ament_install']
[0.115s] Level 1:colcon.colcon_core.package_identification:_identify(ros2_examples/rclpy/actions/minimal_action_server) by extension 'ignore'
[0.115s] Level 1:colcon.colcon_core.package_identification:_identify(ros2_examples/rclpy/actions/minimal_action_server) by extension 'ignore_ament_install'
[0.115s] Level 1:colcon.colcon_core.package_identification:_identify(ros2_examples/rclpy/actions/minimal_action_server) by extensions ['colcon_pkg']
[0.115s] Level 1:colcon.colcon_core.package_identification:_identify(ros2_examples/rclpy/actions/minimal_action_server) by extension 'colcon_pkg'
[0.115s] Level 1:colcon.colcon_core.package_identification:_identify(ros2_examples/rclpy/actions/minimal_action_server) by extensions ['colcon_meta']
[0.115s] Level 1:colcon.colcon_core.package_identification:_identify(ros2_examples/rclpy/actions/minimal_action_server) by extension 'colcon_meta'
[0.115s] Level 1:colcon.colcon_core.package_identification:_identify(ros2_examples/rclpy/actions/minimal_action_server) by extensions ['ros']
[0.115s] Level 1:colcon.colcon_core.package_identification:_identify(ros2_examples/rclpy/actions/minimal_action_server) by extension 'ros'
[0.116s] DEBUG:colcon.colcon_core.package_identification:Package 'ros2_examples/rclpy/actions/minimal_action_server' with type 'ros.ament_python' and name 'examples_rclpy_minimal_action_server'
[0.116s] Level 1:colcon.colcon_core.package_identification:_identify(ros2_examples/rclpy/executors) by extensions ['ignore', 'ignore_ament_install']
[0.116s] Level 1:colcon.colcon_core.package_identification:_identify(ros2_examples/rclpy/executors) by extension 'ignore'
[0.116s] Level 1:colcon.colcon_core.package_identification:_identify(ros2_examples/rclpy/executors) by extension 'ignore_ament_install'
[0.116s] Level 1:colcon.colcon_core.package_identification:_identify(ros2_examples/rclpy/executors) by extensions ['colcon_pkg']
[0.116s] Level 1:colcon.colcon_core.package_identification:_identify(ros2_examples/rclpy/executors) by extension 'colcon_pkg'
[0.116s] Level 1:colcon.colcon_core.package_identification:_identify(ros2_examples/rclpy/executors) by extensions ['colcon_meta']
[0.116s] Level 1:colcon.colcon_core.package_identification:_identify(ros2_examples/rclpy/executors) by extension 'colcon_meta'
[0.116s] Level 1:colcon.colcon_core.package_identification:_identify(ros2_examples/rclpy/executors) by extensions ['ros']
[0.116s] Level 1:colcon.colcon_core.package_identification:_identify(ros2_examples/rclpy/executors) by extension 'ros'
[0.116s] DEBUG:colcon.colcon_core.package_identification:Package 'ros2_examples/rclpy/executors' with type 'ros.ament_python' and name 'examples_rclpy_executors'
[0.116s] Level 1:colcon.colcon_core.package_identification:_identify(ros2_examples/rclpy/services) by extensions ['ignore', 'ignore_ament_install']
[0.116s] Level 1:colcon.colcon_core.package_identification:_identify(ros2_examples/rclpy/services) by extension 'ignore'
[0.117s] Level 1:colcon.colcon_core.package_identification:_identify(ros2_examples/rclpy/services) by extension 'ignore_ament_install'
[0.117s] Level 1:colcon.colcon_core.package_identification:_identify(ros2_examples/rclpy/services) by extensions ['colcon_pkg']
[0.117s] Level 1:colcon.colcon_core.package_identification:_identify(ros2_examples/rclpy/services) by extension 'colcon_pkg'
[0.117s] Level 1:colcon.colcon_core.package_identification:_identify(ros2_examples/rclpy/services) by extensions ['colcon_meta']
[0.117s] Level 1:colcon.colcon_core.package_identification:_identify(ros2_examples/rclpy/services) by extension 'colcon_meta'
[0.117s] Level 1:colcon.colcon_core.package_identification:_identify(ros2_examples/rclpy/services) by extensions ['ros']
[0.117s] Level 1:colcon.colcon_core.package_identification:_identify(ros2_examples/rclpy/services) by extension 'ros'
[0.117s] Level 1:colcon.colcon_core.package_identification:_identify(ros2_examples/rclpy/services) by extensions ['cmake', 'python']
[0.117s] Level 1:colcon.colcon_core.package_identification:_identify(ros2_examples/rclpy/services) by extension 'cmake'
[0.117s] Level 1:colcon.colcon_core.package_identification:_identify(ros2_examples/rclpy/services) by extension 'python'
[0.117s] Level 1:colcon.colcon_core.package_identification:_identify(ros2_examples/rclpy/services) by extensions ['python_setup_py']
[0.117s] Level 1:colcon.colcon_core.package_identification:_identify(ros2_examples/rclpy/services) by extension 'python_setup_py'
[0.117s] Level 1:colcon.colcon_core.package_identification:_identify(ros2_examples/rclpy/services/minimal_client) by extensions ['ignore', 'ignore_ament_install']
[0.117s] Level 1:colcon.colcon_core.package_identification:_identify(ros2_examples/rclpy/services/minimal_client) by extension 'ignore'
[0.117s] Level 1:colcon.colcon_core.package_identification:_identify(ros2_examples/rclpy/services/minimal_client) by extension 'ignore_ament_install'
[0.117s] Level 1:colcon.colcon_core.package_identification:_identify(ros2_examples/rclpy/services/minimal_client) by extensions ['colcon_pkg']
[0.117s] Level 1:colcon.colcon_core.package_identification:_identify(ros2_examples/rclpy/services/minimal_client) by extension 'colcon_pkg'
[0.117s] Level 1:colcon.colcon_core.package_identification:_identify(ros2_examples/rclpy/services/minimal_client) by extensions ['colcon_meta']
[0.117s] Level 1:colcon.colcon_core.package_identification:_identify(ros2_examples/rclpy/services/minimal_client) by extension 'colcon_meta'
[0.117s] Level 1:colcon.colcon_core.package_identification:_identify(ros2_examples/rclpy/services/minimal_client) by extensions ['ros']
[0.117s] Level 1:colcon.colcon_core.package_identification:_identify(ros2_examples/rclpy/services/minimal_client) by extension 'ros'
[0.118s] DEBUG:colcon.colcon_core.package_identification:Package 'ros2_examples/rclpy/services/minimal_client' with type 'ros.ament_python' and name 'examples_rclpy_minimal_client'
[0.118s] Level 1:colcon.colcon_core.package_identification:_identify(ros2_examples/rclpy/services/minimal_service) by extensions ['ignore', 'ignore_ament_install']
[0.118s] Level 1:colcon.colcon_core.package_identification:_identify(ros2_examples/rclpy/services/minimal_service) by extension 'ignore'
[0.118s] Level 1:colcon.colcon_core.package_identification:_identify(ros2_examples/rclpy/services/minimal_service) by extension 'ignore_ament_install'
[0.118s] Level 1:colcon.colcon_core.package_identification:_identify(ros2_examples/rclpy/services/minimal_service) by extensions ['colcon_pkg']
[0.118s] Level 1:colcon.colcon_core.package_identification:_identify(ros2_examples/rclpy/services/minimal_service) by extension 'colcon_pkg'
[0.118s] Level 1:colcon.colcon_core.package_identification:_identify(ros2_examples/rclpy/services/minimal_service) by extensions ['colcon_meta']
[0.118s] Level 1:colcon.colcon_core.package_identification:_identify(ros2_examples/rclpy/services/minimal_service) by extension 'colcon_meta'
[0.118s] Level 1:colcon.colcon_core.package_identification:_identify(ros2_examples/rclpy/services/minimal_service) by extensions ['ros']
[0.118s] Level 1:colcon.colcon_core.package_identification:_identify(ros2_examples/rclpy/services/minimal_service) by extension 'ros'
[0.118s] DEBUG:colcon.colcon_core.package_identification:Package 'ros2_examples/rclpy/services/minimal_service' with type 'ros.ament_python' and name 'examples_rclpy_minimal_service'
[0.118s] Level 1:colcon.colcon_core.package_identification:_identify(ros2_examples/rclpy/topics) by extensions ['ignore', 'ignore_ament_install']
[0.119s] Level 1:colcon.colcon_core.package_identification:_identify(ros2_examples/rclpy/topics) by extension 'ignore'
[0.119s] Level 1:colcon.colcon_core.package_identification:_identify(ros2_examples/rclpy/topics) by extension 'ignore_ament_install'
[0.119s] Level 1:colcon.colcon_core.package_identification:_identify(ros2_examples/rclpy/topics) by extensions ['colcon_pkg']
[0.119s] Level 1:colcon.colcon_core.package_identification:_identify(ros2_examples/rclpy/topics) by extension 'colcon_pkg'
[0.119s] Level 1:colcon.colcon_core.package_identification:_identify(ros2_examples/rclpy/topics) by extensions ['colcon_meta']
[0.119s] Level 1:colcon.colcon_core.package_identification:_identify(ros2_examples/rclpy/topics) by extension 'colcon_meta'
[0.119s] Level 1:colcon.colcon_core.package_identification:_identify(ros2_examples/rclpy/topics) by extensions ['ros']
[0.119s] Level 1:colcon.colcon_core.package_identification:_identify(ros2_examples/rclpy/topics) by extension 'ros'
[0.119s] Level 1:colcon.colcon_core.package_identification:_identify(ros2_examples/rclpy/topics) by extensions ['cmake', 'python']
[0.119s] Level 1:colcon.colcon_core.package_identification:_identify(ros2_examples/rclpy/topics) by extension 'cmake'
[0.119s] Level 1:colcon.colcon_core.package_identification:_identify(ros2_examples/rclpy/topics) by extension 'python'
[0.119s] Level 1:colcon.colcon_core.package_identification:_identify(ros2_examples/rclpy/topics) by extensions ['python_setup_py']
[0.119s] Level 1:colcon.colcon_core.package_identification:_identify(ros2_examples/rclpy/topics) by extension 'python_setup_py'
[0.119s] Level 1:colcon.colcon_core.package_identification:_identify(ros2_examples/rclpy/topics/minimal_publisher) by extensions ['ignore', 'ignore_ament_install']
[0.119s] Level 1:colcon.colcon_core.package_identification:_identify(ros2_examples/rclpy/topics/minimal_publisher) by extension 'ignore'
[0.119s] Level 1:colcon.colcon_core.package_identification:_identify(ros2_examples/rclpy/topics/minimal_publisher) by extension 'ignore_ament_install'
[0.119s] Level 1:colcon.colcon_core.package_identification:_identify(ros2_examples/rclpy/topics/minimal_publisher) by extensions ['colcon_pkg']
[0.119s] Level 1:colcon.colcon_core.package_identification:_identify(ros2_examples/rclpy/topics/minimal_publisher) by extension 'colcon_pkg'
[0.119s] Level 1:colcon.colcon_core.package_identification:_identify(ros2_examples/rclpy/topics/minimal_publisher) by extensions ['colcon_meta']
[0.119s] Level 1:colcon.colcon_core.package_identification:_identify(ros2_examples/rclpy/topics/minimal_publisher) by extension 'colcon_meta'
[0.119s] Level 1:colcon.colcon_core.package_identification:_identify(ros2_examples/rclpy/topics/minimal_publisher) by extensions ['ros']
[0.119s] Level 1:colcon.colcon_core.package_identification:_identify(ros2_examples/rclpy/topics/minimal_publisher) by extension 'ros'
[0.120s] DEBUG:colcon.colcon_core.package_identification:Package 'ros2_examples/rclpy/topics/minimal_publisher' with type 'ros.ament_python' and name 'examples_rclpy_minimal_publisher'
[0.120s] Level 1:colcon.colcon_core.package_identification:_identify(ros2_examples/rclpy/topics/minimal_subscriber) by extensions ['ignore', 'ignore_ament_install']
[0.120s] Level 1:colcon.colcon_core.package_identification:_identify(ros2_examples/rclpy/topics/minimal_subscriber) by extension 'ignore'
[0.120s] Level 1:colcon.colcon_core.package_identification:_identify(ros2_examples/rclpy/topics/minimal_subscriber) by extension 'ignore_ament_install'
[0.120s] Level 1:colcon.colcon_core.package_identification:_identify(ros2_examples/rclpy/topics/minimal_subscriber) by extensions ['colcon_pkg']
[0.120s] Level 1:colcon.colcon_core.package_identification:_identify(ros2_examples/rclpy/topics/minimal_subscriber) by extension 'colcon_pkg'
[0.120s] Level 1:colcon.colcon_core.package_identification:_identify(ros2_examples/rclpy/topics/minimal_subscriber) by extensions ['colcon_meta']
[0.120s] Level 1:colcon.colcon_core.package_identification:_identify(ros2_examples/rclpy/topics/minimal_subscriber) by extension 'colcon_meta'
[0.120s] Level 1:colcon.colcon_core.package_identification:_identify(ros2_examples/rclpy/topics/minimal_subscriber) by extensions ['ros']
[0.120s] Level 1:colcon.colcon_core.package_identification:_identify(ros2_examples/rclpy/topics/minimal_subscriber) by extension 'ros'
[0.120s] DEBUG:colcon.colcon_core.package_identification:Package 'ros2_examples/rclpy/topics/minimal_subscriber' with type 'ros.ament_python' and name 'examples_rclpy_minimal_subscriber'
[0.120s] Level 1:colcon.colcon_core.package_discovery:discover_packages(recursive) using defaults
[0.120s] Level 1:colcon.colcon_core.package_discovery:discover_packages(ignore) discover
[0.120s] Level 1:colcon.colcon_core.package_discovery:discover_packages(ignore) using defaults
[0.120s] Level 1:colcon.colcon_core.package_discovery:discover_packages(path) discover
[0.120s] Level 1:colcon.colcon_core.package_discovery:discover_packages(path) using defaults
