[0.058s] Invoking command in '/home/pengbo/cbg-executor/build/examples_rclcpp_minimal_client': /usr/bin/cmake /home/pengbo/cbg-executor/ros2_examples/rclcpp/services/minimal_client -DCMAKE_INSTALL_PREFIX=/home/pengbo/cbg-executor/install/examples_rclcpp_minimal_client
[0.497s] -- The C compiler identification is GNU 9.3.0
[0.497s] -- The CXX compiler identification is GNU 9.3.0
[0.497s] -- Check for working C compiler: /usr/bin/cc
[0.497s] -- Check for working C compiler: /usr/bin/cc -- works
[0.497s] -- Detecting C compiler ABI info
[0.537s] -- Detecting C compiler ABI info - done
[0.557s] -- Detecting C compile features
[0.557s] -- Detecting C compile features - done
[0.562s] -- Check for working CXX compiler: /usr/bin/c++
[0.689s] -- Check for working CXX compiler: /usr/bin/c++ -- works
[0.690s] -- Detecting CXX compiler ABI info
[0.801s] -- Detecting CXX compiler ABI info - done
[0.811s] -- Detecting CXX compile features
[0.812s] -- Detecting CXX compile features - done
[0.819s] CMake Error at CMakeLists.txt:13 (find_package):
[0.819s]   By not providing "Findament_cmake.cmake" in CMAKE_MODULE_PATH this project
[0.819s]   has asked CMake to find a package configuration file provided by
[0.820s]   "ament_cmake", but CMake did not find one.
[0.820s] 
[0.820s]   Could not find a package configuration file provided by "ament_cmake" with
[0.820s]   any of the following names:
[0.820s] 
[0.820s]     ament_cmakeConfig.cmake
[0.820s]     ament_cmake-config.cmake
[0.820s] 
[0.820s]   Add the installation prefix of "ament_cmake" to CMAKE_PREFIX_PATH or set
[0.820s]   "ament_cmake_DIR" to a directory containing one of the above files.  If
[0.820s]   "ament_cmake" provides a separate development package or SDK, be sure it
[0.821s]   has been installed.
[0.821s] 
[0.821s] 
[0.821s] -- Configuring incomplete, errors occurred!
[0.821s] See also "/home/pengbo/cbg-executor/build/examples_rclcpp_minimal_client/CMakeFiles/CMakeOutput.log".
