[0.486s] Invoking command in '/home/pengbo/cbg-executor/ros2_examples/rclpy/actions/minimal_action_client': PYTHONPATH=/home/pengbo/cbg-executor/install/examples_rclpy_minimal_action_client/lib/python3.8/site-packages: /usr/bin/python3 setup.py egg_info --egg-base ../../../../build/examples_rclpy_minimal_action_client build --build-base /home/pengbo/cbg-executor/build/examples_rclpy_minimal_action_client/build install --prefix /home/pengbo/cbg-executor/install/examples_rclpy_minimal_action_client --record /home/pengbo/cbg-executor/build/examples_rclpy_minimal_action_client/install.log --single-version-externally-managed
[0.726s] running egg_info
[0.726s] creating ../../../../build/examples_rclpy_minimal_action_client/examples_rclpy_minimal_action_client.egg-info
[0.726s] writing ../../../../build/examples_rclpy_minimal_action_client/examples_rclpy_minimal_action_client.egg-info/PKG-INFO
[0.726s] writing dependency_links to ../../../../build/examples_rclpy_minimal_action_client/examples_rclpy_minimal_action_client.egg-info/dependency_links.txt
[0.726s] writing entry points to ../../../../build/examples_rclpy_minimal_action_client/examples_rclpy_minimal_action_client.egg-info/entry_points.txt
[0.726s] writing requirements to ../../../../build/examples_rclpy_minimal_action_client/examples_rclpy_minimal_action_client.egg-info/requires.txt
[0.726s] writing top-level names to ../../../../build/examples_rclpy_minimal_action_client/examples_rclpy_minimal_action_client.egg-info/top_level.txt
[0.727s] writing manifest file '../../../../build/examples_rclpy_minimal_action_client/examples_rclpy_minimal_action_client.egg-info/SOURCES.txt'
[0.727s] reading manifest file '../../../../build/examples_rclpy_minimal_action_client/examples_rclpy_minimal_action_client.egg-info/SOURCES.txt'
[0.727s] writing manifest file '../../../../build/examples_rclpy_minimal_action_client/examples_rclpy_minimal_action_client.egg-info/SOURCES.txt'
[0.727s] running build
[0.727s] running build_py
[0.727s] creating /home/pengbo/cbg-executor/build/examples_rclpy_minimal_action_client/build
[0.727s] creating /home/pengbo/cbg-executor/build/examples_rclpy_minimal_action_client/build/lib
[0.727s] creating /home/pengbo/cbg-executor/build/examples_rclpy_minimal_action_client/build/lib/examples_rclpy_minimal_action_client
[0.727s] copying examples_rclpy_minimal_action_client/client_cancel.py -> /home/pengbo/cbg-executor/build/examples_rclpy_minimal_action_client/build/lib/examples_rclpy_minimal_action_client
[0.727s] copying examples_rclpy_minimal_action_client/__init__.py -> /home/pengbo/cbg-executor/build/examples_rclpy_minimal_action_client/build/lib/examples_rclpy_minimal_action_client
[0.728s] copying examples_rclpy_minimal_action_client/client_not_composable.py -> /home/pengbo/cbg-executor/build/examples_rclpy_minimal_action_client/build/lib/examples_rclpy_minimal_action_client
[0.728s] copying examples_rclpy_minimal_action_client/client.py -> /home/pengbo/cbg-executor/build/examples_rclpy_minimal_action_client/build/lib/examples_rclpy_minimal_action_client
[0.728s] running install
[0.728s] running install_lib
[0.728s] creating /home/pengbo/cbg-executor/install/examples_rclpy_minimal_action_client/lib/python3.8/site-packages/examples_rclpy_minimal_action_client
[0.728s] copying /home/pengbo/cbg-executor/build/examples_rclpy_minimal_action_client/build/lib/examples_rclpy_minimal_action_client/client_cancel.py -> /home/pengbo/cbg-executor/install/examples_rclpy_minimal_action_client/lib/python3.8/site-packages/examples_rclpy_minimal_action_client
[0.728s] copying /home/pengbo/cbg-executor/build/examples_rclpy_minimal_action_client/build/lib/examples_rclpy_minimal_action_client/__init__.py -> /home/pengbo/cbg-executor/install/examples_rclpy_minimal_action_client/lib/python3.8/site-packages/examples_rclpy_minimal_action_client
[0.728s] copying /home/pengbo/cbg-executor/build/examples_rclpy_minimal_action_client/build/lib/examples_rclpy_minimal_action_client/client_not_composable.py -> /home/pengbo/cbg-executor/install/examples_rclpy_minimal_action_client/lib/python3.8/site-packages/examples_rclpy_minimal_action_client
[0.728s] copying /home/pengbo/cbg-executor/build/examples_rclpy_minimal_action_client/build/lib/examples_rclpy_minimal_action_client/client.py -> /home/pengbo/cbg-executor/install/examples_rclpy_minimal_action_client/lib/python3.8/site-packages/examples_rclpy_minimal_action_client
[0.729s] byte-compiling /home/pengbo/cbg-executor/install/examples_rclpy_minimal_action_client/lib/python3.8/site-packages/examples_rclpy_minimal_action_client/client_cancel.py to client_cancel.cpython-38.pyc
[0.729s] byte-compiling /home/pengbo/cbg-executor/install/examples_rclpy_minimal_action_client/lib/python3.8/site-packages/examples_rclpy_minimal_action_client/__init__.py to __init__.cpython-38.pyc
[0.729s] byte-compiling /home/pengbo/cbg-executor/install/examples_rclpy_minimal_action_client/lib/python3.8/site-packages/examples_rclpy_minimal_action_client/client_not_composable.py to client_not_composable.cpython-38.pyc
[0.730s] byte-compiling /home/pengbo/cbg-executor/install/examples_rclpy_minimal_action_client/lib/python3.8/site-packages/examples_rclpy_minimal_action_client/client.py to client.cpython-38.pyc
[0.730s] running install_data
[0.730s] creating /home/pengbo/cbg-executor/install/examples_rclpy_minimal_action_client/share/ament_index
[0.730s] creating /home/pengbo/cbg-executor/install/examples_rclpy_minimal_action_client/share/ament_index/resource_index
[0.730s] creating /home/pengbo/cbg-executor/install/examples_rclpy_minimal_action_client/share/ament_index/resource_index/packages
[0.730s] copying resource/examples_rclpy_minimal_action_client -> /home/pengbo/cbg-executor/install/examples_rclpy_minimal_action_client/share/ament_index/resource_index/packages
[0.730s] copying package.xml -> /home/pengbo/cbg-executor/install/examples_rclpy_minimal_action_client/share/examples_rclpy_minimal_action_client
[0.731s] running install_egg_info
[0.731s] Copying ../../../../build/examples_rclpy_minimal_action_client/examples_rclpy_minimal_action_client.egg-info to /home/pengbo/cbg-executor/install/examples_rclpy_minimal_action_client/lib/python3.8/site-packages/examples_rclpy_minimal_action_client-0.9.2-py3.8.egg-info
[0.740s] running install_scripts
[0.753s] Installing client script to /home/pengbo/cbg-executor/install/examples_rclpy_minimal_action_client/lib/examples_rclpy_minimal_action_client
[0.753s] Installing client_cancel script to /home/pengbo/cbg-executor/install/examples_rclpy_minimal_action_client/lib/examples_rclpy_minimal_action_client
[0.753s] Installing client_not_composable script to /home/pengbo/cbg-executor/install/examples_rclpy_minimal_action_client/lib/examples_rclpy_minimal_action_client
[0.755s] writing list of installed files to '/home/pengbo/cbg-executor/build/examples_rclpy_minimal_action_client/install.log'
