[0.480s] Invoking command in '/home/pengbo/cbg-executor/ros2_examples/rclpy/executors': PYTHONPATH=/home/pengbo/cbg-executor/install/examples_rclpy_executors/lib/python3.8/site-packages: /usr/bin/python3 setup.py egg_info --egg-base ../../../build/examples_rclpy_executors build --build-base /home/pengbo/cbg-executor/build/examples_rclpy_executors/build install --prefix /home/pengbo/cbg-executor/install/examples_rclpy_executors --record /home/pengbo/cbg-executor/build/examples_rclpy_executors/install.log --single-version-externally-managed
[0.729s] running egg_info
[0.729s] creating ../../../build/examples_rclpy_executors/examples_rclpy_executors.egg-info
[0.730s] writing ../../../build/examples_rclpy_executors/examples_rclpy_executors.egg-info/PKG-INFO
[0.732s] writing dependency_links to ../../../build/examples_rclpy_executors/examples_rclpy_executors.egg-info/dependency_links.txt
[0.732s] writing entry points to ../../../build/examples_rclpy_executors/examples_rclpy_executors.egg-info/entry_points.txt
[0.732s] writing requirements to ../../../build/examples_rclpy_executors/examples_rclpy_executors.egg-info/requires.txt
[0.732s] writing top-level names to ../../../build/examples_rclpy_executors/examples_rclpy_executors.egg-info/top_level.txt
[0.732s] writing manifest file '../../../build/examples_rclpy_executors/examples_rclpy_executors.egg-info/SOURCES.txt'
[0.732s] reading manifest file '../../../build/examples_rclpy_executors/examples_rclpy_executors.egg-info/SOURCES.txt'
[0.732s] writing manifest file '../../../build/examples_rclpy_executors/examples_rclpy_executors.egg-info/SOURCES.txt'
[0.732s] running build
[0.732s] running build_py
[0.732s] creating /home/pengbo/cbg-executor/build/examples_rclpy_executors/build
[0.733s] creating /home/pengbo/cbg-executor/build/examples_rclpy_executors/build/lib
[0.733s] creating /home/pengbo/cbg-executor/build/examples_rclpy_executors/build/lib/examples_rclpy_executors
[0.733s] copying examples_rclpy_executors/listener.py -> /home/pengbo/cbg-executor/build/examples_rclpy_executors/build/lib/examples_rclpy_executors
[0.733s] copying examples_rclpy_executors/callback_group.py -> /home/pengbo/cbg-executor/build/examples_rclpy_executors/build/lib/examples_rclpy_executors
[0.733s] copying examples_rclpy_executors/__init__.py -> /home/pengbo/cbg-executor/build/examples_rclpy_executors/build/lib/examples_rclpy_executors
[0.733s] copying examples_rclpy_executors/talker.py -> /home/pengbo/cbg-executor/build/examples_rclpy_executors/build/lib/examples_rclpy_executors
[0.733s] copying examples_rclpy_executors/composed.py -> /home/pengbo/cbg-executor/build/examples_rclpy_executors/build/lib/examples_rclpy_executors
[0.733s] copying examples_rclpy_executors/custom_executor.py -> /home/pengbo/cbg-executor/build/examples_rclpy_executors/build/lib/examples_rclpy_executors
[0.733s] copying examples_rclpy_executors/custom_callback_group.py -> /home/pengbo/cbg-executor/build/examples_rclpy_executors/build/lib/examples_rclpy_executors
[0.733s] running install
[0.733s] running install_lib
[0.733s] creating /home/pengbo/cbg-executor/install/examples_rclpy_executors/lib/python3.8/site-packages/examples_rclpy_executors
[0.733s] copying /home/pengbo/cbg-executor/build/examples_rclpy_executors/build/lib/examples_rclpy_executors/listener.py -> /home/pengbo/cbg-executor/install/examples_rclpy_executors/lib/python3.8/site-packages/examples_rclpy_executors
[0.733s] copying /home/pengbo/cbg-executor/build/examples_rclpy_executors/build/lib/examples_rclpy_executors/callback_group.py -> /home/pengbo/cbg-executor/install/examples_rclpy_executors/lib/python3.8/site-packages/examples_rclpy_executors
[0.733s] copying /home/pengbo/cbg-executor/build/examples_rclpy_executors/build/lib/examples_rclpy_executors/__init__.py -> /home/pengbo/cbg-executor/install/examples_rclpy_executors/lib/python3.8/site-packages/examples_rclpy_executors
[0.733s] copying /home/pengbo/cbg-executor/build/examples_rclpy_executors/build/lib/examples_rclpy_executors/talker.py -> /home/pengbo/cbg-executor/install/examples_rclpy_executors/lib/python3.8/site-packages/examples_rclpy_executors
[0.733s] copying /home/pengbo/cbg-executor/build/examples_rclpy_executors/build/lib/examples_rclpy_executors/composed.py -> /home/pengbo/cbg-executor/install/examples_rclpy_executors/lib/python3.8/site-packages/examples_rclpy_executors
[0.733s] copying /home/pengbo/cbg-executor/build/examples_rclpy_executors/build/lib/examples_rclpy_executors/custom_executor.py -> /home/pengbo/cbg-executor/install/examples_rclpy_executors/lib/python3.8/site-packages/examples_rclpy_executors
[0.733s] copying /home/pengbo/cbg-executor/build/examples_rclpy_executors/build/lib/examples_rclpy_executors/custom_callback_group.py -> /home/pengbo/cbg-executor/install/examples_rclpy_executors/lib/python3.8/site-packages/examples_rclpy_executors
[0.734s] byte-compiling /home/pengbo/cbg-executor/install/examples_rclpy_executors/lib/python3.8/site-packages/examples_rclpy_executors/listener.py to listener.cpython-38.pyc
[0.734s] byte-compiling /home/pengbo/cbg-executor/install/examples_rclpy_executors/lib/python3.8/site-packages/examples_rclpy_executors/callback_group.py to callback_group.cpython-38.pyc
[0.734s] byte-compiling /home/pengbo/cbg-executor/install/examples_rclpy_executors/lib/python3.8/site-packages/examples_rclpy_executors/__init__.py to __init__.cpython-38.pyc
[0.734s] byte-compiling /home/pengbo/cbg-executor/install/examples_rclpy_executors/lib/python3.8/site-packages/examples_rclpy_executors/talker.py to talker.cpython-38.pyc
[0.734s] byte-compiling /home/pengbo/cbg-executor/install/examples_rclpy_executors/lib/python3.8/site-packages/examples_rclpy_executors/composed.py to composed.cpython-38.pyc
[0.734s] byte-compiling /home/pengbo/cbg-executor/install/examples_rclpy_executors/lib/python3.8/site-packages/examples_rclpy_executors/custom_executor.py to custom_executor.cpython-38.pyc
[0.734s] byte-compiling /home/pengbo/cbg-executor/install/examples_rclpy_executors/lib/python3.8/site-packages/examples_rclpy_executors/custom_callback_group.py to custom_callback_group.cpython-38.pyc
[0.734s] running install_data
[0.734s] creating /home/pengbo/cbg-executor/install/examples_rclpy_executors/share/ament_index
[0.734s] creating /home/pengbo/cbg-executor/install/examples_rclpy_executors/share/ament_index/resource_index
[0.734s] creating /home/pengbo/cbg-executor/install/examples_rclpy_executors/share/ament_index/resource_index/packages
[0.734s] copying resource/examples_rclpy_executors -> /home/pengbo/cbg-executor/install/examples_rclpy_executors/share/ament_index/resource_index/packages
[0.734s] copying package.xml -> /home/pengbo/cbg-executor/install/examples_rclpy_executors/share/examples_rclpy_executors
[0.734s] running install_egg_info
[0.734s] Copying ../../../build/examples_rclpy_executors/examples_rclpy_executors.egg-info to /home/pengbo/cbg-executor/install/examples_rclpy_executors/lib/python3.8/site-packages/examples_rclpy_executors-0.9.2-py3.8.egg-info
[0.738s] running install_scripts
[0.757s] Installing callback_group script to /home/pengbo/cbg-executor/install/examples_rclpy_executors/lib/examples_rclpy_executors
[0.757s] Installing composed script to /home/pengbo/cbg-executor/install/examples_rclpy_executors/lib/examples_rclpy_executors
[0.757s] Installing custom_callback_group script to /home/pengbo/cbg-executor/install/examples_rclpy_executors/lib/examples_rclpy_executors
[0.757s] Installing custom_executor script to /home/pengbo/cbg-executor/install/examples_rclpy_executors/lib/examples_rclpy_executors
[0.757s] Installing listener script to /home/pengbo/cbg-executor/install/examples_rclpy_executors/lib/examples_rclpy_executors
[0.757s] Installing talker script to /home/pengbo/cbg-executor/install/examples_rclpy_executors/lib/examples_rclpy_executors
[0.758s] writing list of installed files to '/home/pengbo/cbg-executor/build/examples_rclpy_executors/install.log'
