[0.059s] Invoking command in '/home/pengbo/cbg-executor/build/examples_rclcpp_minimal_publisher': /usr/bin/cmake /home/pengbo/cbg-executor/ros2_examples/rclcpp/topics/minimal_publisher -DCMAKE_INSTALL_PREFIX=/home/pengbo/cbg-executor/install/examples_rclcpp_minimal_publisher
[0.496s] -- The C compiler identification is GNU 9.3.0
[0.496s] -- The CXX compiler identification is GNU 9.3.0
[0.496s] -- Check for working C compiler: /usr/bin/cc
[0.496s] -- Check for working C compiler: /usr/bin/cc -- works
[0.496s] -- Detecting C compiler ABI info
[0.518s] -- Detecting C compiler ABI info - done
[0.528s] -- Detecting C compile features
[0.528s] -- Detecting C compile features - done
[0.530s] -- Check for working CXX compiler: /usr/bin/c++
[0.649s] -- Check for working CXX compiler: /usr/bin/c++ -- works
[0.649s] -- Detecting CXX compiler ABI info
[0.764s] -- Detecting CXX compiler ABI info - done
[0.783s] -- Detecting CXX compile features
[0.784s] -- Detecting CXX compile features - done
[0.787s] CMake Error at CMakeLists.txt:13 (find_package):
[0.787s]   By not providing "Findament_cmake.cmake" in CMAKE_MODULE_PATH this project
[0.787s]   has asked CMake to find a package configuration file provided by
[0.787s]   "ament_cmake", but CMake did not find one.
[0.787s] 
[0.787s]   Could not find a package configuration file provided by "ament_cmake" with
[0.788s]   any of the following names:
[0.788s] 
[0.788s]     ament_cmakeConfig.cmake
[0.788s]     ament_cmake-config.cmake
[0.788s] 
[0.788s]   Add the installation prefix of "ament_cmake" to CMAKE_PREFIX_PATH or set
[0.788s]   "ament_cmake_DIR" to a directory containing one of the above files.  If
[0.788s]   "ament_cmake" provides a separate development package or SDK, be sure it
[0.788s]   has been installed.
[0.788s] 
[0.788s] 
[0.788s] -- Configuring incomplete, errors occurred!
[0.788s] See also "/home/pengbo/cbg-executor/build/examples_rclcpp_minimal_publisher/CMakeFiles/CMakeOutput.log".
