[0.056s] Invoking command in '/home/pengbo/cbg-executor/build/examples_rclcpp_minimal_composition': /usr/bin/cmake /home/pengbo/cbg-executor/ros2_examples/rclcpp/composition/minimal_composition -DCMAKE_INSTALL_PREFIX=/home/pengbo/cbg-executor/install/examples_rclcpp_minimal_composition
[0.497s] -- The C compiler identification is GNU 9.3.0
[0.498s] -- The CXX compiler identification is GNU 9.3.0
[0.498s] -- Check for working C compiler: /usr/bin/cc
[0.499s] -- Check for working C compiler: /usr/bin/cc -- works
[0.499s] -- Detecting C compiler ABI info
[0.499s] -- Detecting C compiler ABI info - done
[0.507s] -- Detecting C compile features
[0.507s] -- Detecting C compile features - done
[0.509s] -- Check for working CXX compiler: /usr/bin/c++
[0.606s] -- Check for working CXX compiler: /usr/bin/c++ -- works
[0.607s] -- Detecting CXX compiler ABI info
[0.704s] -- Detecting CXX compiler ABI info - done
[0.725s] -- Detecting CXX compile features
[0.725s] -- Detecting CXX compile features - done
[0.741s] CMake Error at CMakeLists.txt:13 (find_package):
[0.741s]   By not providing "Findament_cmake.cmake" in CMAKE_MODULE_PATH this project
[0.741s]   has asked CMake to find a package configuration file provided by
[0.741s]   "ament_cmake", but CMake did not find one.
[0.741s] 
[0.741s]   Could not find a package configuration file provided by "ament_cmake" with
[0.741s]   any of the following names:
[0.741s] 
[0.741s]     ament_cmakeConfig.cmake
[0.741s]     ament_cmake-config.cmake
[0.741s] 
[0.741s]   Add the installation prefix of "ament_cmake" to CMAKE_PREFIX_PATH or set
[0.741s]   "ament_cmake_DIR" to a directory containing one of the above files.  If
[0.741s]   "ament_cmake" provides a separate development package or SDK, be sure it
[0.742s]   has been installed.
[0.742s] 
[0.742s] 
[0.742s] -- Configuring incomplete, errors occurred!
[0.742s] See also "/home/pengbo/cbg-executor/build/examples_rclcpp_minimal_composition/CMakeFiles/CMakeOutput.log".
[0.763s] Invoked command in '/home/pengbo/cbg-executor/build/examples_rclcpp_minimal_composition' returned '1': /usr/bin/cmake /home/pengbo/cbg-executor/ros2_examples/rclcpp/composition/minimal_composition -DCMAKE_INSTALL_PREFIX=/home/pengbo/cbg-executor/install/examples_rclcpp_minimal_composition
